<?xml version="1.0" encoding="UTF-8"?>
<!-- Generated by org.testng.reporters.JUnitReportReporter -->
<testsuite hostname="DESKTOP-I5SV6OR" failures="0" tests="1" name="testScript.LoginTest" time="16.878" errors="0" timestamp="2025-04-24T20:16:38 IST" skipped="0">
  <testcase classname="testScript.LoginTest" name="verifyWhetherTheUserIsAbleToLoginUsingValidCredentials" time="16.878"/>
</testsuite> <!-- testScript.LoginTest -->
