<?xml version="1.0" encoding="UTF-8"?>
<!-- Generated by org.testng.reporters.JUnitReportReporter -->
<testsuite hostname="DESKTOP-I5SV6OR" failures="0" tests="1" name="testScript.ManageNewsTest" time="29.225" errors="0" timestamp="2025-04-15T20:54:46 IST" skipped="0">
  <testcase classname="testScript.ManageNewsTest" name="manageNews" time="29.225"/>
</testsuite> <!-- testScript.ManageNewsTest -->
