<?xml version="1.0" encoding="UTF-8"?>
<!-- Generated by org.testng.reporters.JUnitReportReporter -->
<testsuite hostname="DESKTOP-I5SV6OR" failures="0" tests="1" name="testScript.LoginTest" time="13.650" errors="0" timestamp="2025-05-02T11:13:05 IST" skipped="0">
  <testcase classname="testScript.LoginTest" name="verifyWhetherTheUserIsAbleToLoginUsingValidCredentials" time="13.650"/>
</testsuite> <!-- testScript.LoginTest -->
