<?xml version="1.0" encoding="UTF-8"?>
<!-- Generated by org.testng.reporters.JUnitReportReporter -->
<testsuite hostname="DESKTOP-I5SV6OR" failures="0" tests="1" name="testScript.Login" time="10.119" errors="0" timestamp="2025-04-07T05:46:33 IST" skipped="0">
  <testcase classname="testScript.Login" name="loginMethod4" time="10.119"/>
</testsuite> <!-- testScript.Login -->
